parameter file: page.parameters
trace file: trace/trace_size96_time900000
-----------------------parameter file----------------------
#parameter file
dram capacity = 134217728;     #the unit is B
chip number[0] = 2;
chip number[1] = 2;
chip number[2] = 0;
chip number[3] = 0;
chip number[4] = 0;
chip number[5] = 0;
chip number[6] = 0;
chip number[7] = 0;
chip number[8] = 0;
chip number[9] = 0;
chip number[10] = 0;
chip number[11] = 0;
chip number[12] = 0;
chip number[13] = 0;
chip number[14] = 0;
chip number[15] = 0;
chip number[16] = 0;
chip number[17] = 0;
chip number[18] = 0;
channel number = 2;   		#the number of channel
chip number = 4;
die number = 1;      
plane number = 2;
block number = 1888;
page number = 576;
subpage page = 4; 				#can not beyond 32
page capacity = 16384;			#16kb
subpage capacity = 4096;	
BD_number = 4;	 # block decoder number , read requsets with the same BD bumber can not be processed in the same time
t_PROG = 1100000;             #the unit is ns
t_DBSY = 500;
t_BERS = 10000000;
t_PROGO = 1100000;            #one shot program time
t_ERSL = 500000;             #the trans time of suspend/resume operation
t_R = 90000;
t_COMP = 340000;
t_DECOMP = 38000;
t_WC = 5;
t_RC = 5;
t_CLS = 12;
t_CLH = 5;
t_CS = 20;
t_CH = 5;
t_WP = 12;
t_ALS = 12;
t_ALH = 5;
t_DS = 12;
t_DH = 5;
t_WH = 10;
t_ADL = 70;
t_AR = 10;
t_CLR = 10;
t_RR = 20;
t_RP = 12;
t_WB = 100;
t_REA = 30;
t_CEA = 45;
t_RHZ = 100;
t_CHZ = 30;
t_RHOH = 15;
t_RLOH = 5;
t_COH = 15;
t_REH = 10;
t_IR = 0;
t_RHW = 100;
t_WHR = 60;
t_RST = 5000;
compress_ratio = 0.5;
comp_std_dev = 0.01;
erase limit=100000;              #记录block最大次数擦写次数
overprovide=0.20;				 #op空间大小
requset queue depth=8; 			 #请求队列深度
scheduling algorithm=1;          #记录使用哪种调度算法，1:FCFS
buffer management=0;             #缓存策略：0：sub_page拼凑
address mapping=1;               #映射表策略：1：page；2：4kb_map(目前只支持page-level)
wear leveling=1;                 #WL算法
gc=1;                            #gc策略：1：superblock
gc hard threshold=0.10;          #gc硬阈值大小，当plane内无效页个数超过此阈值时，触发强制gc操作，立刻执行gc
gc soft threshold=0.20;          #gc软阈值大小，当plane内无效页个数超过此阈值时，触发gc请求，是否执行需判断当前IO忙闲
allocation=1;                    #分配方式，0：动态分配，1：静态分配，2：基于负载感知分配
static_allocation=1;			 #tlc mode静态分配方式类型，0：plane>superpage>channel>chip>die, 1:superpage>plane>channel>chip>die, 2:channel>chip>plane>superpage>die, 3:channel>chip>superpage>plane>die
dynamic_allocation=4;	 		 #slc mode动态分配方式优先级，0：channel>chip>die>plane,1：plane>channel>chip>die,2:stripe_poll 按照替换的顺序，轮询分配到每个die_buffer上面,3:stripe_distance 按照距离远的方法，分配到距离远的die_buffer上面,4:stripe_poll_dis 综合轮询和距离的办法，两者兼顾，距离太近则跳过当前轮询到下一个
advanced command=13;              #高级命令支持，用二进制表示，无(00000)、mutli plane(00001), half-page-read(00010), one shot program(00100),one shot read(01000),erase suspend/resume(10000)
greed MPW command=1;             #multi-plane贪心算法，0：非贪心，1：贪心
aged=0;                          #旧化处理，0：non-aged，1：aged
aged ratio=0.1;                	 #旧化率
warm flash=0;					 #是否预处理flash, 0:non-warmflash, 1:warmflash	
flash mode=1;					 #flash支持模式，0：slc,1：tlc

-----------------------simulation output----------------------
chip:0,die:0,plane:0 have free page: 1042974
chip:0,die:0,plane:1 have free page: 1042974
chip:1,die:0,plane:0 have free page: 1042974
chip:1,die:0,plane:1 have free page: 1042977
chip:0,die:0,plane:0 have free page: 1042974
chip:0,die:0,plane:1 have free page: 1042974
chip:1,die:0,plane:0 have free page: 1042977
chip:1,die:0,plane:1 have free page: 1042977
									OUTPUT
****************** TRACE INFO ******************
the 0 channel, 0 chip, 0 die, 0 plane has :   0 erase operations,44514 read operations,  0 write operations,44514 pre_process write operations
the 0 channel, 0 chip, 0 die, 1 plane has :   0 erase operations,44514 read operations,  0 write operations,44514 pre_process write operations
the 0 channel, 1 chip, 0 die, 0 plane has :   0 erase operations,44514 read operations,  0 write operations,44514 pre_process write operations
the 0 channel, 1 chip, 0 die, 1 plane has :   0 erase operations,44511 read operations,  0 write operations,44511 pre_process write operations
the 1 channel, 0 chip, 0 die, 0 plane has :   0 erase operations,44514 read operations,  0 write operations,44514 pre_process write operations
the 1 channel, 0 chip, 0 die, 1 plane has :   0 erase operations,44514 read operations,  0 write operations,44514 pre_process write operations
the 1 channel, 1 chip, 0 die, 0 plane has :   0 erase operations,44511 read operations,  0 write operations,44511 pre_process write operations
the 1 channel, 1 chip, 0 die, 1 plane has :   0 erase operations,44511 read operations,  0 write operations,44511 pre_process write operations


---------------------------statistic data---------------------------
min lsn:             0
max lsn:      11395136
test_count99999 read_request_count99999 
the read operation leaded by un-covered update count:             0
the read operation leaded by gc read count:             0

program count:             0
the write operation leaded by pre_process write count:        356103
the write operation leaded by un-covered update count:             0
the write operation leaded by gc read count:             0

erase count:             0
direct erase count:             0
gc count:             0
multi-plane program count:             0
multi-plane read count:         20679

mutli plane one shot program count :             0
one shot program count :             0

half page read count :             0
one shot read count :         32843
mutli plane one shot read count :          8301

erase suspend count :             0
erase resume  count :             0
suspend read  count :             0

update sub request count :             0
write flash count:        356103

read request count:         99999
write request count:             0

read request average size:    113.954796
write request average size:      0.000000

read request average response time:           679897

buffer read hits:             0
buffer read miss:        356103
buffer write hits:             0
buffer write miss:             0
update sub request count :             0
normal page read count :        166410
half page read count :             0
mutli plane one shot program count :             0
one shot read count :         32843
mutli plane one shot read count :          8301
erase suspend count :             0
erase resume  count :             0
suspend read  count :             0

